
Update SearXNG instance
=======================

fetch from https://github.com/searxng/searxng and reset to origin/master
  |searxng| From https://github.com/searxng/searxng
  |searxng|  * branch                master     -> FETCH_HEAD
  |searxng| HEAD is now at b013cbb4c [build] /static
  |searxng| Requirement already satisfied: pip in /usr/local/searxng/searx-pyenv/lib/python3.11/site-packages (23.3)
  |searxng| Requirement already satisfied: setuptools in /usr/local/searxng/searx-pyenv/lib/python3.11/site-packages (68.2.2)
  |searxng| Requirement already satisfied: wheel in /usr/local/searxng/searx-pyenv/lib/python3.11/site-packages (0.41.2)
  |searxng| Requirement already satisfied: pyyaml in /usr/local/searxng/searx-pyenv/lib/python3.11/site-packages (6.0.1)
  |searxng| Obtaining file:///usr/local/searxng/searxng-src
  |searxng|   Preparing metadata (setup.py): started
  |searxng|   Preparing metadata (setup.py): finished with status 'done'
  |searxng| Requirement already satisfied: certifi==2023.7.22 in /usr/local/searxng/searx-pyenv/lib/python3.11/site-packages (from searxng==2023.10.13+b013cbb4c) (2023.7.22)
  |searxng| Requirement already satisfied: babel==2.13.0 in /usr/local/searxng/searx-pyenv/lib/python3.11/site-packages (from searxng==2023.10.13+b013cbb4c) (2.13.0)
  |searxng| Requirement already satisfied: flask-babel==4.0.0 in /usr/local/searxng/searx-pyenv/lib/python3.11/site-packages (from searxng==2023.10.13+b013cbb4c) (4.0.0)
  |searxng| Requirement already satisfied: flask==3.0.0 in /usr/local/searxng/searx-pyenv/lib/python3.11/site-packages (from searxng==2023.10.13+b013cbb4c) (3.0.0)
  |searxng| Requirement already satisfied: jinja2==3.1.2 in /usr/local/searxng/searx-pyenv/lib/python3.11/site-packages (from searxng==2023.10.13+b013cbb4c) (3.1.2)
  |searxng| Requirement already satisfied: lxml==4.9.3 in /usr/local/searxng/searx-pyenv/lib/python3.11/site-packages (from searxng==2023.10.13+b013cbb4c) (4.9.3)
  |searxng| Requirement already satisfied: pygments==2.16.1 in /usr/local/searxng/searx-pyenv/lib/python3.11/site-packages (from searxng==2023.10.13+b013cbb4c) (2.16.1)
  |searxng| Requirement already satisfied: python-dateutil==2.8.2 in /usr/local/searxng/searx-pyenv/lib/python3.11/site-packages (from searxng==2023.10.13+b013cbb4c) (2.8.2)
  |searxng| Requirement already satisfied: pyyaml==6.0.1 in /usr/local/searxng/searx-pyenv/lib/python3.11/site-packages (from searxng==2023.10.13+b013cbb4c) (6.0.1)
  |searxng| Requirement already satisfied: httpx==0.24.1 in /usr/local/searxng/searx-pyenv/lib/python3.11/site-packages (from httpx[http2]==0.24.1->searxng==2023.10.13+b013cbb4c) (0.24.1)
  |searxng| Requirement already satisfied: Brotli==1.1.0 in /usr/local/searxng/searx-pyenv/lib/python3.11/site-packages (from searxng==2023.10.13+b013cbb4c) (1.1.0)
  |searxng| Requirement already satisfied: uvloop==0.17.0 in /usr/local/searxng/searx-pyenv/lib/python3.11/site-packages (from searxng==2023.10.13+b013cbb4c) (0.17.0)
  |searxng| Requirement already satisfied: httpx-socks==0.7.7 in /usr/local/searxng/searx-pyenv/lib/python3.11/site-packages (from httpx-socks[asyncio]==0.7.7->searxng==2023.10.13+b013cbb4c) (0.7.7)
  |searxng| Requirement already satisfied: setproctitle==1.3.3 in /usr/local/searxng/searx-pyenv/lib/python3.11/site-packages (from searxng==2023.10.13+b013cbb4c) (1.3.3)
  |searxng| Requirement already satisfied: redis==4.6.0 in /usr/local/searxng/searx-pyenv/lib/python3.11/site-packages (from searxng==2023.10.13+b013cbb4c) (4.6.0)
  |searxng| Requirement already satisfied: markdown-it-py==3.0.0 in /usr/local/searxng/searx-pyenv/lib/python3.11/site-packages (from searxng==2023.10.13+b013cbb4c) (3.0.0)
  |searxng| Requirement already satisfied: typing_extensions==4.8.0 in /usr/local/searxng/searx-pyenv/lib/python3.11/site-packages (from searxng==2023.10.13+b013cbb4c) (4.8.0)
  |searxng| Requirement already satisfied: fasttext-predict==0.9.2.1 in /usr/local/searxng/searx-pyenv/lib/python3.11/site-packages (from searxng==2023.10.13+b013cbb4c) (0.9.2.1)
  |searxng| Requirement already satisfied: pytomlpp==1.0.13 in /usr/local/searxng/searx-pyenv/lib/python3.11/site-packages (from searxng==2023.10.13+b013cbb4c) (1.0.13)
  |searxng| Requirement already satisfied: Werkzeug>=3.0.0 in /usr/local/searxng/searx-pyenv/lib/python3.11/site-packages (from flask==3.0.0->searxng==2023.10.13+b013cbb4c) (3.0.0)
  |searxng| Requirement already satisfied: itsdangerous>=2.1.2 in /usr/local/searxng/searx-pyenv/lib/python3.11/site-packages (from flask==3.0.0->searxng==2023.10.13+b013cbb4c) (2.1.2)
  |searxng| Requirement already satisfied: click>=8.1.3 in /usr/local/searxng/searx-pyenv/lib/python3.11/site-packages (from flask==3.0.0->searxng==2023.10.13+b013cbb4c) (8.1.7)
  |searxng| Requirement already satisfied: blinker>=1.6.2 in /usr/local/searxng/searx-pyenv/lib/python3.11/site-packages (from flask==3.0.0->searxng==2023.10.13+b013cbb4c) (1.6.2)
  |searxng| Requirement already satisfied: pytz>=2022.7 in /usr/local/searxng/searx-pyenv/lib/python3.11/site-packages (from flask-babel==4.0.0->searxng==2023.10.13+b013cbb4c) (2023.3)
  |searxng| Requirement already satisfied: httpcore<0.18.0,>=0.15.0 in /usr/local/searxng/searx-pyenv/lib/python3.11/site-packages (from httpx==0.24.1->httpx[http2]==0.24.1->searxng==2023.10.13+b013cbb4c) (0.17.3)
  |searxng| Requirement already satisfied: idna in /usr/local/searxng/searx-pyenv/lib/python3.11/site-packages (from httpx==0.24.1->httpx[http2]==0.24.1->searxng==2023.10.13+b013cbb4c) (3.4)
  |searxng| Requirement already satisfied: sniffio in /usr/local/searxng/searx-pyenv/lib/python3.11/site-packages (from httpx==0.24.1->httpx[http2]==0.24.1->searxng==2023.10.13+b013cbb4c) (1.3.0)
  |searxng| Requirement already satisfied: python-socks>=2.0.0 in /usr/local/searxng/searx-pyenv/lib/python3.11/site-packages (from httpx-socks==0.7.7->httpx-socks[asyncio]==0.7.7->searxng==2023.10.13+b013cbb4c) (2.3.0)
  |searxng| Requirement already satisfied: async-timeout>=3.0.1 in /usr/local/searxng/searx-pyenv/lib/python3.11/site-packages (from httpx-socks[asyncio]==0.7.7->searxng==2023.10.13+b013cbb4c) (4.0.3)
  |searxng| Requirement already satisfied: h2<5,>=3 in /usr/local/searxng/searx-pyenv/lib/python3.11/site-packages (from httpx[http2]==0.24.1->searxng==2023.10.13+b013cbb4c) (4.1.0)
  |searxng| Requirement already satisfied: MarkupSafe>=2.0 in /usr/local/searxng/searx-pyenv/lib/python3.11/site-packages (from jinja2==3.1.2->searxng==2023.10.13+b013cbb4c) (2.1.3)
  |searxng| Requirement already satisfied: mdurl~=0.1 in /usr/local/searxng/searx-pyenv/lib/python3.11/site-packages (from markdown-it-py==3.0.0->searxng==2023.10.13+b013cbb4c) (0.1.2)
  |searxng| Requirement already satisfied: six>=1.5 in /usr/local/searxng/searx-pyenv/lib/python3.11/site-packages (from python-dateutil==2.8.2->searxng==2023.10.13+b013cbb4c) (1.16.0)
  |searxng| Requirement already satisfied: hyperframe<7,>=6.0 in /usr/local/searxng/searx-pyenv/lib/python3.11/site-packages (from h2<5,>=3->httpx[http2]==0.24.1->searxng==2023.10.13+b013cbb4c) (6.0.1)
  |searxng| Requirement already satisfied: hpack<5,>=4.0 in /usr/local/searxng/searx-pyenv/lib/python3.11/site-packages (from h2<5,>=3->httpx[http2]==0.24.1->searxng==2023.10.13+b013cbb4c) (4.0.0)
  |searxng| Requirement already satisfied: h11<0.15,>=0.13 in /usr/local/searxng/searx-pyenv/lib/python3.11/site-packages (from httpcore<0.18.0,>=0.15.0->httpx==0.24.1->httpx[http2]==0.24.1->searxng==2023.10.13+b013cbb4c) (0.14.0)
  |searxng| Requirement already satisfied: anyio<5.0,>=3.0 in /usr/local/searxng/searx-pyenv/lib/python3.11/site-packages (from httpcore<0.18.0,>=0.15.0->httpx==0.24.1->httpx[http2]==0.24.1->searxng==2023.10.13+b013cbb4c) (3.7.1)
  |searxng| Installing collected packages: searxng
  |searxng|   Attempting uninstall: searxng
  |searxng|     Found existing installation: searxng 2023.10.13+b013cbb4c
  |searxng|     Uninstalling searxng-2023.10.13+b013cbb4c:
  |searxng|       Successfully uninstalled searxng-2023.10.13+b013cbb4c
  |searxng|   Running setup.py develop for searxng
  |searxng| Successfully installed searxng-2023.10.13+b013cbb4c

update instance's settings.yml from /etc/searxng/settings.yml
Menu::
  1.) replace file
  2.) leave file unchanged [default]
  3.) interactive shell
  4.) diff files
choose next step with file /etc/searxng/settings.yml [2] 
